

=== DEBUG DU 04 08 2019 - 15:06:29 ===

-- 
Objet    = "admin"
Objet ID = nil
Method   = "user_checks"
Context  = nil
-- @request: SELECT * FROM users WHERE id = 101;
-- @request: SELECT * FROM users WHERE id = 101;
-- @request: SELECT * FROM icmodules WHERE user_id = 101 ORDER BY created_at ASC;
-- @request: SELECT * FROM icmodules WHERE user_id = 101 ORDER BY created_at ASC;
-- @data_correct = {
"users" => 
  {
  "users" => 
    {
    101 => 
      {
      "icmodule_id" => 
        {
        :value => 112
        :solution_id => "user-set-icmodule_id"
        }
      }
    }
  }
}
-- @request: SELECT * FROM icmodules WHERE id = 112;
-- @request: SELECT * FROM icmodules WHERE id = 112;
-- @request: SELECT * FROM users WHERE id = 101;
-- @request: SELECT * FROM users WHERE id = 101;
-- @request: SELECT * FROM absmodules WHERE id = 7;
-- @request: SELECT * FROM absmodules WHERE id = 7;
-- @request: SELECT * FROM watchers WHERE user_id = 101 AND objet = 'ic_module' AND objet_id = 112 AND processus = 'paiement' ORDER BY created_at ASC;
-- @request: SELECT * FROM watchers WHERE user_id = 101 AND objet = 'ic_module' AND objet_id = 112 AND processus = 'paiement' ORDER BY created_at ASC;
-- @request: SELECT created_at FROM paiements WHERE id = 326;
-- @request: SELECT created_at FROM paiements WHERE id = 326;
-- @data_correct = {
"users" => 
  {
  "users" => 
    {
    101 => 
      {
      "icmodule_id" => 
        {
        :value => 112
        :solution_id => "user-set-icmodule_id"
        }
      }
    }
  }
"hot" => 
  {
  "watchers" => 
    {
    :insert => [{:user_id=>101, :objet=>"ic_module", :objet_id=>112, :triggered=>1565352389, :created_at=>1564920389, :updated_at=>1564920389, :solution_id=>"add-watcher-paiement"}]
    }
  }
}
-- @request: SELECT * FROM icetapes WHERE id = 728;
-- @request: SELECT * FROM icetapes WHERE id = 728;
-- @request: SELECT * FROM icdocuments WHERE id = 840;
-- @request: SELECT * FROM icdocuments WHERE id = 840;
-- @request: SELECT * FROM watchers WHERE user_id = 101 AND objet = "ic_document" AND objet_id = 840 AND processus = "upload_comments" ORDER BY created_at ASC;
-- @request: SELECT * FROM watchers WHERE user_id = 101 AND objet = "ic_document" AND objet_id = 840 AND processus = "upload_comments" ORDER BY created_at ASC;
-- undefined local variable or method `whatchers' for #<Admin::Checker::Document:0x007ff57396be08>
Did you mean?  watchers

/Users/philippeperret/Sites/AlwaysData/Icare_AD_2018/objet/admin/lib/module/user_checks/class/_module_handy.rb:39:in `traite_only_one_watchers'
/Users/philippeperret/Sites/AlwaysData/Icare_AD_2018/objet/admin/lib/module/user_checks/class/checker_document.rb:345:in `check_watcher'
/Users/philippeperret/Sites/AlwaysData/Icare_AD_2018/objet/admin/lib/module/user_checks/class/checker_document.rb:326:in `check_when_adminloaded'
/Users/philippeperret/Sites/AlwaysData/Icare_AD_2018/objet/admin/lib/module/user_checks/class/checker_document.rb:314:in `check_watcher_by_etape_status'
/Users/philippeperret/Sites/AlwaysData/Icare_AD_2018/objet/admin/lib/module/user_checks/class/checker_document.rb:104:in `check'
/Users/philippeperret/Sites/AlwaysData/Icare_AD_2018/objet/admin/lib/module/user_checks/class/checker_etapes.rb:144:in `block in check_as_current_etape'
/Users/philippeperret/Sites/AlwaysData/Icare_AD_2018/objet/admin/lib/module/user_checks/class/checker_etapes.rb:144:in `each'
/Users/philippeperret/Sites/AlwaysData/Icare_AD_2018/objet/admin/lib/module/user_checks/class/checker_etapes.rb:144:in `check_as_current_etape'
/Users/philippeperret/Sites/AlwaysData/Icare_AD_2018/objet/admin/lib/module/user_checks/class/checker_etapes.rb:16:in `check_current_etape_module_suivi'
/Users/philippeperret/Sites/AlwaysData/Icare_AD_2018/objet/admin/lib/module/user_checks/class/checker_modules.rb:90:in `check_module_as_suivi'
/Users/philippeperret/Sites/AlwaysData/Icare_AD_2018/objet/admin/lib/module/user_checks/class/checker_modules.rb:76:in `check_as_current'
/Users/philippeperret/Sites/AlwaysData/Icare_AD_2018/objet/admin/lib/module/user_checks/class/checker_modules.rb:16:in `check_icmodule_as_current'
/Users/philippeperret/Sites/AlwaysData/Icare_AD_2018/objet/admin/lib/module/user_checks/class/checker_icarien.rb:127:in `check_icarien_as_actif'
/Users/philippeperret/Sites/AlwaysData/Icare_AD_2018/objet/admin/lib/module/user_checks/class/checker_icarien.rb:75:in `check'
/Users/philippeperret/Sites/AlwaysData/Icare_AD_2018/objet/admin/lib/module/user_checks/class/checker_icarien.rb:13:in `check_icarien'
/Users/philippeperret/Sites/AlwaysData/Icare_AD_2018/objet/admin/lib/module/user_checks/class/xmain.rb:34:in `operate'
(erb):19:in `result'
/System/Library/Frameworks/Ruby.framework/Versions/2.3/usr/lib/ruby/2.3.0/erb.rb:864:in `eval'
/System/Library/Frameworks/Ruby.framework/Versions/2.3/usr/lib/ruby/2.3.0/erb.rb:864:in `result'
/Users/philippeperret/Sites/AlwaysData/Icare_AD_2018/lib/deep/deeper/gem/superfile/lib/superfile/instance/io.rb:113:in `deserb'
/Users/philippeperret/Sites/AlwaysData/Icare_AD_2018/lib/deep/deeper/required/Vue/inst.rb:27:in `output'
/Users/philippeperret/Sites/AlwaysData/Icare_AD_2018/lib/deep/deeper/required/Page/vues.rb:104:in `content_route'
(erb):5:in `result'
/System/Library/Frameworks/Ruby.framework/Versions/2.3/usr/lib/ruby/2.3.0/erb.rb:864:in `eval'
/System/Library/Frameworks/Ruby.framework/Versions/2.3/usr/lib/ruby/2.3.0/erb.rb:864:in `result'
/Users/philippeperret/Sites/AlwaysData/Icare_AD_2018/lib/deep/deeper/gem/superfile/lib/superfile/instance/io.rb:113:in `deserb'
/Users/philippeperret/Sites/AlwaysData/Icare_AD_2018/lib/deep/deeper/required/Page/vues.rb:72:in `content'
/Users/philippeperret/Sites/AlwaysData/Icare_AD_2018/lib/deep/deeper/required/Page/vues.rb:25:in `preload'
/Users/philippeperret/Sites/AlwaysData/Icare_AD_2018/lib/deep/deeper/required/Site/output.rb:35:in `output'
/Users/philippeperret/Sites/AlwaysData/Icare_AD_2018/index.rb:8:in `<main>'


=== DEBUG DU 04 08 2019 - 15:07:17 ===

-- 
Objet    = "admin"
Objet ID = nil
Method   = "user_checks"
Context  = nil
-- @request: SELECT * FROM users WHERE id = 101;
-- @request: SELECT * FROM users WHERE id = 101;
-- @request: SELECT * FROM icmodules WHERE user_id = 101 ORDER BY created_at ASC;
-- @request: SELECT * FROM icmodules WHERE user_id = 101 ORDER BY created_at ASC;
-- @data_correct = {
"users" => 
  {
  "users" => 
    {
    101 => 
      {
      "icmodule_id" => 
        {
        :value => 112
        :solution_id => "user-set-icmodule_id"
        }
      }
    }
  }
}
-- @request: SELECT * FROM icmodules WHERE id = 112;
-- @request: SELECT * FROM icmodules WHERE id = 112;
-- @request: SELECT * FROM users WHERE id = 101;
-- @request: SELECT * FROM users WHERE id = 101;
-- @request: SELECT * FROM absmodules WHERE id = 7;
-- @request: SELECT * FROM absmodules WHERE id = 7;
-- @request: SELECT * FROM watchers WHERE user_id = 101 AND objet = 'ic_module' AND objet_id = 112 AND processus = 'paiement' ORDER BY created_at ASC;
-- @request: SELECT * FROM watchers WHERE user_id = 101 AND objet = 'ic_module' AND objet_id = 112 AND processus = 'paiement' ORDER BY created_at ASC;
-- @request: SELECT created_at FROM paiements WHERE id = 326;
-- @request: SELECT created_at FROM paiements WHERE id = 326;
-- @data_correct = {
"users" => 
  {
  "users" => 
    {
    101 => 
      {
      "icmodule_id" => 
        {
        :value => 112
        :solution_id => "user-set-icmodule_id"
        }
      }
    }
  }
"hot" => 
  {
  "watchers" => 
    {
    :insert => [{:user_id=>101, :objet=>"ic_module", :objet_id=>112, :triggered=>1565352437, :created_at=>1564920437, :updated_at=>1564920437, :solution_id=>"add-watcher-paiement"}]
    }
  }
}
-- @request: SELECT * FROM icetapes WHERE id = 728;
-- @request: SELECT * FROM icetapes WHERE id = 728;
-- @request: SELECT * FROM icdocuments WHERE id = 840;
-- @request: SELECT * FROM icdocuments WHERE id = 840;
-- @request: SELECT * FROM watchers WHERE user_id = 101 AND objet = "ic_document" AND objet_id = 840 AND processus = "upload_comments" ORDER BY created_at ASC;
-- @request: SELECT * FROM watchers WHERE user_id = 101 AND objet = "ic_document" AND objet_id = 840 AND processus = "upload_comments" ORDER BY created_at ASC;
-- wrong number of arguments (given 4, expected 6..7)

/Users/philippeperret/Sites/AlwaysData/Icare_AD_2018/objet/admin/lib/module/user_checks/class/_module_messages.rb:54:in `correct'
/Users/philippeperret/Sites/AlwaysData/Icare_AD_2018/objet/admin/lib/module/user_checks/class/_module_handy.rb:42:in `block in traite_only_one_watchers'
/Users/philippeperret/Sites/AlwaysData/Icare_AD_2018/objet/admin/lib/module/user_checks/class/_module_handy.rb:42:in `each'
/Users/philippeperret/Sites/AlwaysData/Icare_AD_2018/objet/admin/lib/module/user_checks/class/_module_handy.rb:42:in `traite_only_one_watchers'
/Users/philippeperret/Sites/AlwaysData/Icare_AD_2018/objet/admin/lib/module/user_checks/class/checker_document.rb:345:in `check_watcher'
/Users/philippeperret/Sites/AlwaysData/Icare_AD_2018/objet/admin/lib/module/user_checks/class/checker_document.rb:326:in `check_when_adminloaded'
/Users/philippeperret/Sites/AlwaysData/Icare_AD_2018/objet/admin/lib/module/user_checks/class/checker_document.rb:314:in `check_watcher_by_etape_status'
/Users/philippeperret/Sites/AlwaysData/Icare_AD_2018/objet/admin/lib/module/user_checks/class/checker_document.rb:104:in `check'
/Users/philippeperret/Sites/AlwaysData/Icare_AD_2018/objet/admin/lib/module/user_checks/class/checker_etapes.rb:144:in `block in check_as_current_etape'
/Users/philippeperret/Sites/AlwaysData/Icare_AD_2018/objet/admin/lib/module/user_checks/class/checker_etapes.rb:144:in `each'
/Users/philippeperret/Sites/AlwaysData/Icare_AD_2018/objet/admin/lib/module/user_checks/class/checker_etapes.rb:144:in `check_as_current_etape'
/Users/philippeperret/Sites/AlwaysData/Icare_AD_2018/objet/admin/lib/module/user_checks/class/checker_etapes.rb:16:in `check_current_etape_module_suivi'
/Users/philippeperret/Sites/AlwaysData/Icare_AD_2018/objet/admin/lib/module/user_checks/class/checker_modules.rb:90:in `check_module_as_suivi'
/Users/philippeperret/Sites/AlwaysData/Icare_AD_2018/objet/admin/lib/module/user_checks/class/checker_modules.rb:76:in `check_as_current'
/Users/philippeperret/Sites/AlwaysData/Icare_AD_2018/objet/admin/lib/module/user_checks/class/checker_modules.rb:16:in `check_icmodule_as_current'
/Users/philippeperret/Sites/AlwaysData/Icare_AD_2018/objet/admin/lib/module/user_checks/class/checker_icarien.rb:127:in `check_icarien_as_actif'
/Users/philippeperret/Sites/AlwaysData/Icare_AD_2018/objet/admin/lib/module/user_checks/class/checker_icarien.rb:75:in `check'
/Users/philippeperret/Sites/AlwaysData/Icare_AD_2018/objet/admin/lib/module/user_checks/class/checker_icarien.rb:13:in `check_icarien'
/Users/philippeperret/Sites/AlwaysData/Icare_AD_2018/objet/admin/lib/module/user_checks/class/xmain.rb:34:in `operate'
(erb):19:in `result'
/System/Library/Frameworks/Ruby.framework/Versions/2.3/usr/lib/ruby/2.3.0/erb.rb:864:in `eval'
/System/Library/Frameworks/Ruby.framework/Versions/2.3/usr/lib/ruby/2.3.0/erb.rb:864:in `result'
/Users/philippeperret/Sites/AlwaysData/Icare_AD_2018/lib/deep/deeper/gem/superfile/lib/superfile/instance/io.rb:113:in `deserb'
/Users/philippeperret/Sites/AlwaysData/Icare_AD_2018/lib/deep/deeper/required/Vue/inst.rb:27:in `output'
/Users/philippeperret/Sites/AlwaysData/Icare_AD_2018/lib/deep/deeper/required/Page/vues.rb:104:in `content_route'
(erb):5:in `result'
/System/Library/Frameworks/Ruby.framework/Versions/2.3/usr/lib/ruby/2.3.0/erb.rb:864:in `eval'
/System/Library/Frameworks/Ruby.framework/Versions/2.3/usr/lib/ruby/2.3.0/erb.rb:864:in `result'
/Users/philippeperret/Sites/AlwaysData/Icare_AD_2018/lib/deep/deeper/gem/superfile/lib/superfile/instance/io.rb:113:in `deserb'
/Users/philippeperret/Sites/AlwaysData/Icare_AD_2018/lib/deep/deeper/required/Page/vues.rb:72:in `content'
/Users/philippeperret/Sites/AlwaysData/Icare_AD_2018/lib/deep/deeper/required/Page/vues.rb:25:in `preload'
/Users/philippeperret/Sites/AlwaysData/Icare_AD_2018/lib/deep/deeper/required/Site/output.rb:35:in `output'
/Users/philippeperret/Sites/AlwaysData/Icare_AD_2018/index.rb:8:in `<main>'


=== DEBUG DU 04 08 2019 - 15:09:38 ===

-- 
Objet    = "admin"
Objet ID = nil
Method   = "user_checks"
Context  = nil
-- @request: SELECT * FROM users WHERE id = 101;
-- @request: SELECT * FROM users WHERE id = 101;
-- @request: SELECT * FROM icmodules WHERE user_id = 101 ORDER BY created_at ASC;
-- @request: SELECT * FROM icmodules WHERE user_id = 101 ORDER BY created_at ASC;
-- @data_correct = {
"users" => 
  {
  "users" => 
    {
    101 => 
      {
      "icmodule_id" => 
        {
        :value => 112
        :solution_id => "user-set-icmodule_id"
        }
      }
    }
  }
}
-- @request: SELECT * FROM icmodules WHERE id = 112;
-- @request: SELECT * FROM icmodules WHERE id = 112;
-- @request: SELECT * FROM users WHERE id = 101;
-- @request: SELECT * FROM users WHERE id = 101;
-- @request: SELECT * FROM absmodules WHERE id = 7;
-- @request: SELECT * FROM absmodules WHERE id = 7;
-- @request: SELECT * FROM watchers WHERE user_id = 101 AND objet = 'ic_module' AND objet_id = 112 AND processus = 'paiement' ORDER BY created_at ASC;
-- @request: SELECT * FROM watchers WHERE user_id = 101 AND objet = 'ic_module' AND objet_id = 112 AND processus = 'paiement' ORDER BY created_at ASC;
-- @request: SELECT created_at FROM paiements WHERE id = 326;
-- @request: SELECT created_at FROM paiements WHERE id = 326;
-- @data_correct = {
"users" => 
  {
  "users" => 
    {
    101 => 
      {
      "icmodule_id" => 
        {
        :value => 112
        :solution_id => "user-set-icmodule_id"
        }
      }
    }
  }
"hot" => 
  {
  "watchers" => 
    {
    :insert => [{:user_id=>101, :objet=>"ic_module", :objet_id=>112, :triggered=>1565352578, :created_at=>1564920578, :updated_at=>1564920578, :solution_id=>"add-watcher-paiement"}]
    }
  }
}
-- @request: SELECT * FROM icetapes WHERE id = 728;
-- @request: SELECT * FROM icetapes WHERE id = 728;
-- @request: SELECT * FROM icdocuments WHERE id = 840;
-- @request: SELECT * FROM icdocuments WHERE id = 840;
-- @request: SELECT * FROM watchers WHERE user_id = 101 AND objet = "ic_document" AND objet_id = 840 AND processus = "upload_comments" ORDER BY created_at ASC;
-- @request: SELECT * FROM watchers WHERE user_id = 101 AND objet = "ic_document" AND objet_id = 840 AND processus = "upload_comments" ORDER BY created_at ASC;
-- @data_correct = {
"users" => 
  {
  "users" => 
    {
    101 => 
      {
      "icmodule_id" => 
        {
        :value => 112
        :solution_id => "user-set-icmodule_id"
        }
      }
    }
  }
"hot" => 
  {
  "watchers" => 
    {
    :insert => [{:user_id=>101, :objet=>"ic_module", :objet_id=>112, :triggered=>1565352578, :created_at=>1564920578, :updated_at=>1564920578, :solution_id=>"add-watcher-paiement"}]
    :delete => [{:value=>432, :solution_id=>"keeponly-1watcher-upload_comments-dataw[:id]"}]
    }
  }
}
-- La clé-solution 'keeponly-1watcher-upload_comments-dataw[:id]' existe déjà. Il faut changer son nom.

/Users/philippeperret/Sites/AlwaysData/Icare_AD_2018/objet/admin/lib/module/user_checks/class/_module_messages.rb:47:in `add_solution'
/Users/philippeperret/Sites/AlwaysData/Icare_AD_2018/objet/admin/lib/module/user_checks/class/xmain.rb:92:in `correct'
/Users/philippeperret/Sites/AlwaysData/Icare_AD_2018/objet/admin/lib/module/user_checks/class/_module_messages.rb:55:in `correct'
/Users/philippeperret/Sites/AlwaysData/Icare_AD_2018/objet/admin/lib/module/user_checks/class/_module_handy.rb:44:in `block in traite_only_one_watchers'
/Users/philippeperret/Sites/AlwaysData/Icare_AD_2018/objet/admin/lib/module/user_checks/class/_module_handy.rb:41:in `each'
/Users/philippeperret/Sites/AlwaysData/Icare_AD_2018/objet/admin/lib/module/user_checks/class/_module_handy.rb:41:in `traite_only_one_watchers'
/Users/philippeperret/Sites/AlwaysData/Icare_AD_2018/objet/admin/lib/module/user_checks/class/checker_document.rb:345:in `check_watcher'
/Users/philippeperret/Sites/AlwaysData/Icare_AD_2018/objet/admin/lib/module/user_checks/class/checker_document.rb:326:in `check_when_adminloaded'
/Users/philippeperret/Sites/AlwaysData/Icare_AD_2018/objet/admin/lib/module/user_checks/class/checker_document.rb:314:in `check_watcher_by_etape_status'
/Users/philippeperret/Sites/AlwaysData/Icare_AD_2018/objet/admin/lib/module/user_checks/class/checker_document.rb:104:in `check'
/Users/philippeperret/Sites/AlwaysData/Icare_AD_2018/objet/admin/lib/module/user_checks/class/checker_etapes.rb:144:in `block in check_as_current_etape'
/Users/philippeperret/Sites/AlwaysData/Icare_AD_2018/objet/admin/lib/module/user_checks/class/checker_etapes.rb:144:in `each'
/Users/philippeperret/Sites/AlwaysData/Icare_AD_2018/objet/admin/lib/module/user_checks/class/checker_etapes.rb:144:in `check_as_current_etape'
/Users/philippeperret/Sites/AlwaysData/Icare_AD_2018/objet/admin/lib/module/user_checks/class/checker_etapes.rb:16:in `check_current_etape_module_suivi'
/Users/philippeperret/Sites/AlwaysData/Icare_AD_2018/objet/admin/lib/module/user_checks/class/checker_modules.rb:90:in `check_module_as_suivi'
/Users/philippeperret/Sites/AlwaysData/Icare_AD_2018/objet/admin/lib/module/user_checks/class/checker_modules.rb:76:in `check_as_current'
/Users/philippeperret/Sites/AlwaysData/Icare_AD_2018/objet/admin/lib/module/user_checks/class/checker_modules.rb:16:in `check_icmodule_as_current'
/Users/philippeperret/Sites/AlwaysData/Icare_AD_2018/objet/admin/lib/module/user_checks/class/checker_icarien.rb:127:in `check_icarien_as_actif'
/Users/philippeperret/Sites/AlwaysData/Icare_AD_2018/objet/admin/lib/module/user_checks/class/checker_icarien.rb:75:in `check'
/Users/philippeperret/Sites/AlwaysData/Icare_AD_2018/objet/admin/lib/module/user_checks/class/checker_icarien.rb:13:in `check_icarien'
/Users/philippeperret/Sites/AlwaysData/Icare_AD_2018/objet/admin/lib/module/user_checks/class/xmain.rb:34:in `operate'
(erb):19:in `result'
/System/Library/Frameworks/Ruby.framework/Versions/2.3/usr/lib/ruby/2.3.0/erb.rb:864:in `eval'
/System/Library/Frameworks/Ruby.framework/Versions/2.3/usr/lib/ruby/2.3.0/erb.rb:864:in `result'
/Users/philippeperret/Sites/AlwaysData/Icare_AD_2018/lib/deep/deeper/gem/superfile/lib/superfile/instance/io.rb:113:in `deserb'
/Users/philippeperret/Sites/AlwaysData/Icare_AD_2018/lib/deep/deeper/required/Vue/inst.rb:27:in `output'
/Users/philippeperret/Sites/AlwaysData/Icare_AD_2018/lib/deep/deeper/required/Page/vues.rb:104:in `content_route'
(erb):5:in `result'
/System/Library/Frameworks/Ruby.framework/Versions/2.3/usr/lib/ruby/2.3.0/erb.rb:864:in `eval'
/System/Library/Frameworks/Ruby.framework/Versions/2.3/usr/lib/ruby/2.3.0/erb.rb:864:in `result'
/Users/philippeperret/Sites/AlwaysData/Icare_AD_2018/lib/deep/deeper/gem/superfile/lib/superfile/instance/io.rb:113:in `deserb'
/Users/philippeperret/Sites/AlwaysData/Icare_AD_2018/lib/deep/deeper/required/Page/vues.rb:72:in `content'
/Users/philippeperret/Sites/AlwaysData/Icare_AD_2018/lib/deep/deeper/required/Page/vues.rb:25:in `preload'
/Users/philippeperret/Sites/AlwaysData/Icare_AD_2018/lib/deep/deeper/required/Site/output.rb:35:in `output'
/Users/philippeperret/Sites/AlwaysData/Icare_AD_2018/index.rb:8:in `<main>'


=== DEBUG DU 04 08 2019 - 15:09:52 ===

-- 
Objet    = "admin"
Objet ID = nil
Method   = "user_checks"
Context  = nil
-- @request: SELECT * FROM users WHERE id = 101;
-- @request: SELECT * FROM users WHERE id = 101;
-- @request: SELECT * FROM icmodules WHERE user_id = 101 ORDER BY created_at ASC;
-- @request: SELECT * FROM icmodules WHERE user_id = 101 ORDER BY created_at ASC;
-- @data_correct = {
"users" => 
  {
  "users" => 
    {
    101 => 
      {
      "icmodule_id" => 
        {
        :value => 112
        :solution_id => "user-set-icmodule_id"
        }
      }
    }
  }
}
-- @request: SELECT * FROM icmodules WHERE id = 112;
-- @request: SELECT * FROM icmodules WHERE id = 112;
-- @request: SELECT * FROM users WHERE id = 101;
-- @request: SELECT * FROM users WHERE id = 101;
-- @request: SELECT * FROM absmodules WHERE id = 7;
-- @request: SELECT * FROM absmodules WHERE id = 7;
-- @request: SELECT * FROM watchers WHERE user_id = 101 AND objet = 'ic_module' AND objet_id = 112 AND processus = 'paiement' ORDER BY created_at ASC;
-- @request: SELECT * FROM watchers WHERE user_id = 101 AND objet = 'ic_module' AND objet_id = 112 AND processus = 'paiement' ORDER BY created_at ASC;
-- @request: SELECT created_at FROM paiements WHERE id = 326;
-- @request: SELECT created_at FROM paiements WHERE id = 326;
-- @data_correct = {
"users" => 
  {
  "users" => 
    {
    101 => 
      {
      "icmodule_id" => 
        {
        :value => 112
        :solution_id => "user-set-icmodule_id"
        }
      }
    }
  }
"hot" => 
  {
  "watchers" => 
    {
    :insert => [{:user_id=>101, :objet=>"ic_module", :objet_id=>112, :triggered=>1565352592, :created_at=>1564920592, :updated_at=>1564920592, :solution_id=>"add-watcher-paiement"}]
    }
  }
}
-- @request: SELECT * FROM icetapes WHERE id = 728;
-- @request: SELECT * FROM icetapes WHERE id = 728;
-- @request: SELECT * FROM icdocuments WHERE id = 840;
-- @request: SELECT * FROM icdocuments WHERE id = 840;
-- @request: SELECT * FROM watchers WHERE user_id = 101 AND objet = "ic_document" AND objet_id = 840 AND processus = "upload_comments" ORDER BY created_at ASC;
-- @request: SELECT * FROM watchers WHERE user_id = 101 AND objet = "ic_document" AND objet_id = 840 AND processus = "upload_comments" ORDER BY created_at ASC;
-- @data_correct = {
"users" => 
  {
  "users" => 
    {
    101 => 
      {
      "icmodule_id" => 
        {
        :value => 112
        :solution_id => "user-set-icmodule_id"
        }
      }
    }
  }
"hot" => 
  {
  "watchers" => 
    {
    :insert => [{:user_id=>101, :objet=>"ic_module", :objet_id=>112, :triggered=>1565352592, :created_at=>1564920592, :updated_at=>1564920592, :solution_id=>"add-watcher-paiement"}]
    :delete => [{:value=>432, :solution_id=>"keeponly-1watcher-upload_comments-432"}]
    }
  }
}
-- @data_correct = {
"users" => 
  {
  "users" => 
    {
    101 => 
      {
      "icmodule_id" => 
        {
        :value => 112
        :solution_id => "user-set-icmodule_id"
        }
      }
    }
  }
"hot" => 
  {
  "watchers" => 
    {
    :insert => [{:user_id=>101, :objet=>"ic_module", :objet_id=>112, :triggered=>1565352592, :created_at=>1564920592, :updated_at=>1564920592, :solution_id=>"add-watcher-paiement"}]
    :delete => [{:value=>432, :solution_id=>"keeponly-1watcher-upload_comments-432"}, {:value=>434, :solution_id=>"keeponly-1watcher-upload_comments-434"}]
    }
  }
}
-- @data_correct = {
"users" => 
  {
  "users" => 
    {
    101 => 
      {
      "icmodule_id" => 
        {
        :value => 112
        :solution_id => "user-set-icmodule_id"
        }
      }
    }
  }
"hot" => 
  {
  "watchers" => 
    {
    :insert => [{:user_id=>101, :objet=>"ic_module", :objet_id=>112, :triggered=>1565352592, :created_at=>1564920592, :updated_at=>1564920592, :solution_id=>"add-watcher-paiement"}]
    :delete => [{:value=>432, :solution_id=>"keeponly-1watcher-upload_comments-432"}, {:value=>434, :solution_id=>"keeponly-1watcher-upload_comments-434"}, {:value=>436, :solution_id=>"keeponly-1watcher-upload_comments-436"}]
    }
  }
}
-- @request: SELECT * FROM watchers WHERE objet = "ic_document" AND objet_id = 840 AND processus != "upload_comments" ORDER BY created_at ASC;
-- @request: SELECT * FROM watchers WHERE objet = "ic_document" AND objet_id = 840 AND processus != "upload_comments" ORDER BY created_at ASC;
-- @data_correct = {
"users" => 
  {
  "users" => 
    {
    101 => 
      {
      "icmodule_id" => 
        {
        :value => 112
        :solution_id => "user-set-icmodule_id"
        }
      }
    }
  }
"hot" => 
  {
  "watchers" => 
    {
    :insert => [{:user_id=>101, :objet=>"ic_module", :objet_id=>112, :triggered=>1565352592, :created_at=>1564920592, :updated_at=>1564920592, :solution_id=>"add-watcher-paiement"}]
    :delete => [{:value=>432, :solution_id=>"keeponly-1watcher-upload_comments-432"}, {:value=>434, :solution_id=>"keeponly-1watcher-upload_comments-434"}, {:value=>436, :solution_id=>"keeponly-1watcher-upload_comments-436"}, {:value=>12, :solution_id=>"kill-watcher-12-doc-840"}]
    }
  }
}
-- @data_correct = {
"users" => 
  {
  "users" => 
    {
    101 => 
      {
      "icmodule_id" => 
        {
        :value => 112
        :solution_id => "user-set-icmodule_id"
        }
      }
    }
  }
"hot" => 
  {
  "watchers" => 
    {
    :insert => [{:user_id=>101, :objet=>"ic_module", :objet_id=>112, :triggered=>1565352592, :created_at=>1564920592, :updated_at=>1564920592, :solution_id=>"add-watcher-paiement"}]
    :delete => [{:value=>432, :solution_id=>"keeponly-1watcher-upload_comments-432"}, {:value=>434, :solution_id=>"keeponly-1watcher-upload_comments-434"}, {:value=>436, :solution_id=>"keeponly-1watcher-upload_comments-436"}, {:value=>12, :solution_id=>"kill-watcher-12-doc-840"}, {:value=>14, :solution_id=>"kill-watcher-14-doc-840"}]
    }
  }
}
-- @request: SELECT * FROM icdocuments WHERE id = 841;
-- @request: SELECT * FROM icdocuments WHERE id = 841;
-- @request: SELECT * FROM watchers WHERE user_id = 101 AND objet = "ic_document" AND objet_id = 841 AND processus = "upload_comments" ORDER BY created_at ASC;
-- @request: SELECT * FROM watchers WHERE user_id = 101 AND objet = "ic_document" AND objet_id = 841 AND processus = "upload_comments" ORDER BY created_at ASC;
-- @data_correct = {
"users" => 
  {
  "users" => 
    {
    101 => 
      {
      "icmodule_id" => 
        {
        :value => 112
        :solution_id => "user-set-icmodule_id"
        }
      }
    }
  }
"hot" => 
  {
  "watchers" => 
    {
    :insert => [{:user_id=>101, :objet=>"ic_module", :objet_id=>112, :triggered=>1565352592, :created_at=>1564920592, :updated_at=>1564920592, :solution_id=>"add-watcher-paiement"}]
    :delete => [{:value=>432, :solution_id=>"keeponly-1watcher-upload_comments-432"}, {:value=>434, :solution_id=>"keeponly-1watcher-upload_comments-434"}, {:value=>436, :solution_id=>"keeponly-1watcher-upload_comments-436"}, {:value=>12, :solution_id=>"kill-watcher-12-doc-840"}, {:value=>14, :solution_id=>"kill-watcher-14-doc-840"}, {:value=>433, :solution_id=>"keeponly-1watcher-upload_comments-433"}]
    }
  }
}
-- @data_correct = {
"users" => 
  {
  "users" => 
    {
    101 => 
      {
      "icmodule_id" => 
        {
        :value => 112
        :solution_id => "user-set-icmodule_id"
        }
      }
    }
  }
"hot" => 
  {
  "watchers" => 
    {
    :insert => [{:user_id=>101, :objet=>"ic_module", :objet_id=>112, :triggered=>1565352592, :created_at=>1564920592, :updated_at=>1564920592, :solution_id=>"add-watcher-paiement"}]
    :delete => [{:value=>432, :solution_id=>"keeponly-1watcher-upload_comments-432"}, {:value=>434, :solution_id=>"keeponly-1watcher-upload_comments-434"}, {:value=>436, :solution_id=>"keeponly-1watcher-upload_comments-436"}, {:value=>12, :solution_id=>"kill-watcher-12-doc-840"}, {:value=>14, :solution_id=>"kill-watcher-14-doc-840"}, {:value=>433, :solution_id=>"keeponly-1watcher-upload_comments-433"}, {:value=>435, :solution_id=>"keeponly-1watcher-upload_comments-435"}]
    }
  }
}
-- @data_correct = {
"users" => 
  {
  "users" => 
    {
    101 => 
      {
      "icmodule_id" => 
        {
        :value => 112
        :solution_id => "user-set-icmodule_id"
        }
      }
    }
  }
"hot" => 
  {
  "watchers" => 
    {
    :insert => [{:user_id=>101, :objet=>"ic_module", :objet_id=>112, :triggered=>1565352592, :created_at=>1564920592, :updated_at=>1564920592, :solution_id=>"add-watcher-paiement"}]
    :delete => [{:value=>432, :solution_id=>"keeponly-1watcher-upload_comments-432"}, {:value=>434, :solution_id=>"keeponly-1watcher-upload_comments-434"}, {:value=>436, :solution_id=>"keeponly-1watcher-upload_comments-436"}, {:value=>12, :solution_id=>"kill-watcher-12-doc-840"}, {:value=>14, :solution_id=>"kill-watcher-14-doc-840"}, {:value=>433, :solution_id=>"keeponly-1watcher-upload_comments-433"}, {:value=>435, :solution_id=>"keeponly-1watcher-upload_comments-435"}, {:value=>437, :solution_id=>"keeponly-1watcher-upload_comments-437"}]
    }
  }
}
-- @request: SELECT * FROM watchers WHERE objet = "ic_document" AND objet_id = 841 AND processus != "upload_comments" ORDER BY created_at ASC;
-- @request: SELECT * FROM watchers WHERE objet = "ic_document" AND objet_id = 841 AND processus != "upload_comments" ORDER BY created_at ASC;
-- @data_correct = {
"users" => 
  {
  "users" => 
    {
    101 => 
      {
      "icmodule_id" => 
        {
        :value => 112
        :solution_id => "user-set-icmodule_id"
        }
      }
    }
  }
"hot" => 
  {
  "watchers" => 
    {
    :insert => [{:user_id=>101, :objet=>"ic_module", :objet_id=>112, :triggered=>1565352592, :created_at=>1564920592, :updated_at=>1564920592, :solution_id=>"add-watcher-paiement"}]
    :delete => [{:value=>432, :solution_id=>"keeponly-1watcher-upload_comments-432"}, {:value=>434, :solution_id=>"keeponly-1watcher-upload_comments-434"}, {:value=>436, :solution_id=>"keeponly-1watcher-upload_comments-436"}, {:value=>12, :solution_id=>"kill-watcher-12-doc-840"}, {:value=>14, :solution_id=>"kill-watcher-14-doc-840"}, {:value=>433, :solution_id=>"keeponly-1watcher-upload_comments-433"}, {:value=>435, :solution_id=>"keeponly-1watcher-upload_comments-435"}, {:value=>437, :solution_id=>"keeponly-1watcher-upload_comments-437"}, {:value=>12, :solution_id=>"kill-watcher-12-doc-841"}]
    }
  }
}
-- @data_correct = {
"users" => 
  {
  "users" => 
    {
    101 => 
      {
      "icmodule_id" => 
        {
        :value => 112
        :solution_id => "user-set-icmodule_id"
        }
      }
    }
  }
"hot" => 
  {
  "watchers" => 
    {
    :insert => [{:user_id=>101, :objet=>"ic_module", :objet_id=>112, :triggered=>1565352592, :created_at=>1564920592, :updated_at=>1564920592, :solution_id=>"add-watcher-paiement"}]
    :delete => [{:value=>432, :solution_id=>"keeponly-1watcher-upload_comments-432"}, {:value=>434, :solution_id=>"keeponly-1watcher-upload_comments-434"}, {:value=>436, :solution_id=>"keeponly-1watcher-upload_comments-436"}, {:value=>12, :solution_id=>"kill-watcher-12-doc-840"}, {:value=>14, :solution_id=>"kill-watcher-14-doc-840"}, {:value=>433, :solution_id=>"keeponly-1watcher-upload_comments-433"}, {:value=>435, :solution_id=>"keeponly-1watcher-upload_comments-435"}, {:value=>437, :solution_id=>"keeponly-1watcher-upload_comments-437"}, {:value=>12, :solution_id=>"kill-watcher-12-doc-841"}, {:value=>14, :solution_id=>"kill-watcher-14-doc-841"}]
    }
  }
}
-- undefined local variable or method `check_watchers' for #<Admin::Checker::Icarien:0x007f8144ace0c8>

/Users/philippeperret/Sites/AlwaysData/Icare_AD_2018/objet/admin/lib/module/user_checks/class/checker_icarien.rb:92:in `check'
/Users/philippeperret/Sites/AlwaysData/Icare_AD_2018/objet/admin/lib/module/user_checks/class/checker_icarien.rb:13:in `check_icarien'
/Users/philippeperret/Sites/AlwaysData/Icare_AD_2018/objet/admin/lib/module/user_checks/class/xmain.rb:34:in `operate'
(erb):19:in `result'
/System/Library/Frameworks/Ruby.framework/Versions/2.3/usr/lib/ruby/2.3.0/erb.rb:864:in `eval'
/System/Library/Frameworks/Ruby.framework/Versions/2.3/usr/lib/ruby/2.3.0/erb.rb:864:in `result'
/Users/philippeperret/Sites/AlwaysData/Icare_AD_2018/lib/deep/deeper/gem/superfile/lib/superfile/instance/io.rb:113:in `deserb'
/Users/philippeperret/Sites/AlwaysData/Icare_AD_2018/lib/deep/deeper/required/Vue/inst.rb:27:in `output'
/Users/philippeperret/Sites/AlwaysData/Icare_AD_2018/lib/deep/deeper/required/Page/vues.rb:104:in `content_route'
(erb):5:in `result'
/System/Library/Frameworks/Ruby.framework/Versions/2.3/usr/lib/ruby/2.3.0/erb.rb:864:in `eval'
/System/Library/Frameworks/Ruby.framework/Versions/2.3/usr/lib/ruby/2.3.0/erb.rb:864:in `result'
/Users/philippeperret/Sites/AlwaysData/Icare_AD_2018/lib/deep/deeper/gem/superfile/lib/superfile/instance/io.rb:113:in `deserb'
/Users/philippeperret/Sites/AlwaysData/Icare_AD_2018/lib/deep/deeper/required/Page/vues.rb:72:in `content'
/Users/philippeperret/Sites/AlwaysData/Icare_AD_2018/lib/deep/deeper/required/Page/vues.rb:25:in `preload'
/Users/philippeperret/Sites/AlwaysData/Icare_AD_2018/lib/deep/deeper/required/Site/output.rb:35:in `output'
/Users/philippeperret/Sites/AlwaysData/Icare_AD_2018/index.rb:8:in `<main>'


=== DEBUG DU 04 08 2019 - 15:10:39 ===

-- 
Objet    = "admin"
Objet ID = nil
Method   = "user_checks"
Context  = nil
-- @request: SELECT * FROM users WHERE id = 101;
-- @request: SELECT * FROM users WHERE id = 101;
-- @request: SELECT * FROM icmodules WHERE user_id = 101 ORDER BY created_at ASC;
-- @request: SELECT * FROM icmodules WHERE user_id = 101 ORDER BY created_at ASC;
-- @data_correct = {
"users" => 
  {
  "users" => 
    {
    101 => 
      {
      "icmodule_id" => 
        {
        :value => 112
        :solution_id => "user-set-icmodule_id"
        }
      }
    }
  }
}
-- @request: SELECT * FROM icmodules WHERE id = 112;
-- @request: SELECT * FROM icmodules WHERE id = 112;
-- @request: SELECT * FROM users WHERE id = 101;
-- @request: SELECT * FROM users WHERE id = 101;
-- @request: SELECT * FROM absmodules WHERE id = 7;
-- @request: SELECT * FROM absmodules WHERE id = 7;
-- @request: SELECT * FROM watchers WHERE user_id = 101 AND objet = 'ic_module' AND objet_id = 112 AND processus = 'paiement' ORDER BY created_at ASC;
-- @request: SELECT * FROM watchers WHERE user_id = 101 AND objet = 'ic_module' AND objet_id = 112 AND processus = 'paiement' ORDER BY created_at ASC;
-- @request: SELECT created_at FROM paiements WHERE id = 326;
-- @request: SELECT created_at FROM paiements WHERE id = 326;
-- @data_correct = {
"users" => 
  {
  "users" => 
    {
    101 => 
      {
      "icmodule_id" => 
        {
        :value => 112
        :solution_id => "user-set-icmodule_id"
        }
      }
    }
  }
"hot" => 
  {
  "watchers" => 
    {
    :insert => [{:user_id=>101, :objet=>"ic_module", :objet_id=>112, :triggered=>1565352640, :created_at=>1564920640, :updated_at=>1564920640, :solution_id=>"add-watcher-paiement"}]
    }
  }
}
-- @request: SELECT * FROM icetapes WHERE id = 728;
-- @request: SELECT * FROM icetapes WHERE id = 728;
-- @request: SELECT * FROM icdocuments WHERE id = 840;
-- @request: SELECT * FROM icdocuments WHERE id = 840;
-- @request: SELECT * FROM watchers WHERE user_id = 101 AND objet = "ic_document" AND objet_id = 840 AND processus = "upload_comments" ORDER BY created_at ASC;
-- @request: SELECT * FROM watchers WHERE user_id = 101 AND objet = "ic_document" AND objet_id = 840 AND processus = "upload_comments" ORDER BY created_at ASC;
-- @data_correct = {
"users" => 
  {
  "users" => 
    {
    101 => 
      {
      "icmodule_id" => 
        {
        :value => 112
        :solution_id => "user-set-icmodule_id"
        }
      }
    }
  }
"hot" => 
  {
  "watchers" => 
    {
    :insert => [{:user_id=>101, :objet=>"ic_module", :objet_id=>112, :triggered=>1565352640, :created_at=>1564920640, :updated_at=>1564920640, :solution_id=>"add-watcher-paiement"}]
    :delete => [{:value=>432, :solution_id=>"keeponly-1watcher-upload_comments-432"}]
    }
  }
}
-- @data_correct = {
"users" => 
  {
  "users" => 
    {
    101 => 
      {
      "icmodule_id" => 
        {
        :value => 112
        :solution_id => "user-set-icmodule_id"
        }
      }
    }
  }
"hot" => 
  {
  "watchers" => 
    {
    :insert => [{:user_id=>101, :objet=>"ic_module", :objet_id=>112, :triggered=>1565352640, :created_at=>1564920640, :updated_at=>1564920640, :solution_id=>"add-watcher-paiement"}]
    :delete => [{:value=>432, :solution_id=>"keeponly-1watcher-upload_comments-432"}, {:value=>434, :solution_id=>"keeponly-1watcher-upload_comments-434"}]
    }
  }
}
-- @data_correct = {
"users" => 
  {
  "users" => 
    {
    101 => 
      {
      "icmodule_id" => 
        {
        :value => 112
        :solution_id => "user-set-icmodule_id"
        }
      }
    }
  }
"hot" => 
  {
  "watchers" => 
    {
    :insert => [{:user_id=>101, :objet=>"ic_module", :objet_id=>112, :triggered=>1565352640, :created_at=>1564920640, :updated_at=>1564920640, :solution_id=>"add-watcher-paiement"}]
    :delete => [{:value=>432, :solution_id=>"keeponly-1watcher-upload_comments-432"}, {:value=>434, :solution_id=>"keeponly-1watcher-upload_comments-434"}, {:value=>436, :solution_id=>"keeponly-1watcher-upload_comments-436"}]
    }
  }
}
-- @request: SELECT * FROM watchers WHERE objet = "ic_document" AND objet_id = 840 AND processus != "upload_comments" ORDER BY created_at ASC;
-- @request: SELECT * FROM watchers WHERE objet = "ic_document" AND objet_id = 840 AND processus != "upload_comments" ORDER BY created_at ASC;
-- @data_correct = {
"users" => 
  {
  "users" => 
    {
    101 => 
      {
      "icmodule_id" => 
        {
        :value => 112
        :solution_id => "user-set-icmodule_id"
        }
      }
    }
  }
"hot" => 
  {
  "watchers" => 
    {
    :insert => [{:user_id=>101, :objet=>"ic_module", :objet_id=>112, :triggered=>1565352640, :created_at=>1564920640, :updated_at=>1564920640, :solution_id=>"add-watcher-paiement"}]
    :delete => [{:value=>432, :solution_id=>"keeponly-1watcher-upload_comments-432"}, {:value=>434, :solution_id=>"keeponly-1watcher-upload_comments-434"}, {:value=>436, :solution_id=>"keeponly-1watcher-upload_comments-436"}, {:value=>12, :solution_id=>"kill-watcher-12-doc-840"}]
    }
  }
}
-- @data_correct = {
"users" => 
  {
  "users" => 
    {
    101 => 
      {
      "icmodule_id" => 
        {
        :value => 112
        :solution_id => "user-set-icmodule_id"
        }
      }
    }
  }
"hot" => 
  {
  "watchers" => 
    {
    :insert => [{:user_id=>101, :objet=>"ic_module", :objet_id=>112, :triggered=>1565352640, :created_at=>1564920640, :updated_at=>1564920640, :solution_id=>"add-watcher-paiement"}]
    :delete => [{:value=>432, :solution_id=>"keeponly-1watcher-upload_comments-432"}, {:value=>434, :solution_id=>"keeponly-1watcher-upload_comments-434"}, {:value=>436, :solution_id=>"keeponly-1watcher-upload_comments-436"}, {:value=>12, :solution_id=>"kill-watcher-12-doc-840"}, {:value=>14, :solution_id=>"kill-watcher-14-doc-840"}]
    }
  }
}
-- @request: SELECT * FROM icdocuments WHERE id = 841;
-- @request: SELECT * FROM icdocuments WHERE id = 841;
-- @request: SELECT * FROM watchers WHERE user_id = 101 AND objet = "ic_document" AND objet_id = 841 AND processus = "upload_comments" ORDER BY created_at ASC;
-- @request: SELECT * FROM watchers WHERE user_id = 101 AND objet = "ic_document" AND objet_id = 841 AND processus = "upload_comments" ORDER BY created_at ASC;
-- @data_correct = {
"users" => 
  {
  "users" => 
    {
    101 => 
      {
      "icmodule_id" => 
        {
        :value => 112
        :solution_id => "user-set-icmodule_id"
        }
      }
    }
  }
"hot" => 
  {
  "watchers" => 
    {
    :insert => [{:user_id=>101, :objet=>"ic_module", :objet_id=>112, :triggered=>1565352640, :created_at=>1564920640, :updated_at=>1564920640, :solution_id=>"add-watcher-paiement"}]
    :delete => [{:value=>432, :solution_id=>"keeponly-1watcher-upload_comments-432"}, {:value=>434, :solution_id=>"keeponly-1watcher-upload_comments-434"}, {:value=>436, :solution_id=>"keeponly-1watcher-upload_comments-436"}, {:value=>12, :solution_id=>"kill-watcher-12-doc-840"}, {:value=>14, :solution_id=>"kill-watcher-14-doc-840"}, {:value=>433, :solution_id=>"keeponly-1watcher-upload_comments-433"}]
    }
  }
}
-- @data_correct = {
"users" => 
  {
  "users" => 
    {
    101 => 
      {
      "icmodule_id" => 
        {
        :value => 112
        :solution_id => "user-set-icmodule_id"
        }
      }
    }
  }
"hot" => 
  {
  "watchers" => 
    {
    :insert => [{:user_id=>101, :objet=>"ic_module", :objet_id=>112, :triggered=>1565352640, :created_at=>1564920640, :updated_at=>1564920640, :solution_id=>"add-watcher-paiement"}]
    :delete => [{:value=>432, :solution_id=>"keeponly-1watcher-upload_comments-432"}, {:value=>434, :solution_id=>"keeponly-1watcher-upload_comments-434"}, {:value=>436, :solution_id=>"keeponly-1watcher-upload_comments-436"}, {:value=>12, :solution_id=>"kill-watcher-12-doc-840"}, {:value=>14, :solution_id=>"kill-watcher-14-doc-840"}, {:value=>433, :solution_id=>"keeponly-1watcher-upload_comments-433"}, {:value=>435, :solution_id=>"keeponly-1watcher-upload_comments-435"}]
    }
  }
}
-- @data_correct = {
"users" => 
  {
  "users" => 
    {
    101 => 
      {
      "icmodule_id" => 
        {
        :value => 112
        :solution_id => "user-set-icmodule_id"
        }
      }
    }
  }
"hot" => 
  {
  "watchers" => 
    {
    :insert => [{:user_id=>101, :objet=>"ic_module", :objet_id=>112, :triggered=>1565352640, :created_at=>1564920640, :updated_at=>1564920640, :solution_id=>"add-watcher-paiement"}]
    :delete => [{:value=>432, :solution_id=>"keeponly-1watcher-upload_comments-432"}, {:value=>434, :solution_id=>"keeponly-1watcher-upload_comments-434"}, {:value=>436, :solution_id=>"keeponly-1watcher-upload_comments-436"}, {:value=>12, :solution_id=>"kill-watcher-12-doc-840"}, {:value=>14, :solution_id=>"kill-watcher-14-doc-840"}, {:value=>433, :solution_id=>"keeponly-1watcher-upload_comments-433"}, {:value=>435, :solution_id=>"keeponly-1watcher-upload_comments-435"}, {:value=>437, :solution_id=>"keeponly-1watcher-upload_comments-437"}]
    }
  }
}
-- @request: SELECT * FROM watchers WHERE objet = "ic_document" AND objet_id = 841 AND processus != "upload_comments" ORDER BY created_at ASC;
-- @request: SELECT * FROM watchers WHERE objet = "ic_document" AND objet_id = 841 AND processus != "upload_comments" ORDER BY created_at ASC;
-- @data_correct = {
"users" => 
  {
  "users" => 
    {
    101 => 
      {
      "icmodule_id" => 
        {
        :value => 112
        :solution_id => "user-set-icmodule_id"
        }
      }
    }
  }
"hot" => 
  {
  "watchers" => 
    {
    :insert => [{:user_id=>101, :objet=>"ic_module", :objet_id=>112, :triggered=>1565352640, :created_at=>1564920640, :updated_at=>1564920640, :solution_id=>"add-watcher-paiement"}]
    :delete => [{:value=>432, :solution_id=>"keeponly-1watcher-upload_comments-432"}, {:value=>434, :solution_id=>"keeponly-1watcher-upload_comments-434"}, {:value=>436, :solution_id=>"keeponly-1watcher-upload_comments-436"}, {:value=>12, :solution_id=>"kill-watcher-12-doc-840"}, {:value=>14, :solution_id=>"kill-watcher-14-doc-840"}, {:value=>433, :solution_id=>"keeponly-1watcher-upload_comments-433"}, {:value=>435, :solution_id=>"keeponly-1watcher-upload_comments-435"}, {:value=>437, :solution_id=>"keeponly-1watcher-upload_comments-437"}, {:value=>12, :solution_id=>"kill-watcher-12-doc-841"}]
    }
  }
}
-- @data_correct = {
"users" => 
  {
  "users" => 
    {
    101 => 
      {
      "icmodule_id" => 
        {
        :value => 112
        :solution_id => "user-set-icmodule_id"
        }
      }
    }
  }
"hot" => 
  {
  "watchers" => 
    {
    :insert => [{:user_id=>101, :objet=>"ic_module", :objet_id=>112, :triggered=>1565352640, :created_at=>1564920640, :updated_at=>1564920640, :solution_id=>"add-watcher-paiement"}]
    :delete => [{:value=>432, :solution_id=>"keeponly-1watcher-upload_comments-432"}, {:value=>434, :solution_id=>"keeponly-1watcher-upload_comments-434"}, {:value=>436, :solution_id=>"keeponly-1watcher-upload_comments-436"}, {:value=>12, :solution_id=>"kill-watcher-12-doc-840"}, {:value=>14, :solution_id=>"kill-watcher-14-doc-840"}, {:value=>433, :solution_id=>"keeponly-1watcher-upload_comments-433"}, {:value=>435, :solution_id=>"keeponly-1watcher-upload_comments-435"}, {:value=>437, :solution_id=>"keeponly-1watcher-upload_comments-437"}, {:value=>12, :solution_id=>"kill-watcher-12-doc-841"}, {:value=>14, :solution_id=>"kill-watcher-14-doc-841"}]
    }
  }
}


=== DEBUG DU 04 08 2019 - 15:12:22 ===

-- 
Objet    = "admin"
Objet ID = nil
Method   = "user_checks"
Context  = nil
-- @request: SELECT * FROM users WHERE id = 101;
-- @request: SELECT * FROM users WHERE id = 101;
-- @request: SELECT * FROM icmodules WHERE user_id = 101 ORDER BY created_at ASC;
-- @request: SELECT * FROM icmodules WHERE user_id = 101 ORDER BY created_at ASC;
-- @data_correct = {
"users" => 
  {
  "users" => 
    {
    101 => 
      {
      "icmodule_id" => 
        {
        :value => 112
        :solution_id => "user-set-icmodule_id"
        }
      }
    }
  }
}
-- @request: SELECT * FROM icmodules WHERE id = 112;
-- @request: SELECT * FROM icmodules WHERE id = 112;
-- @request: SELECT * FROM users WHERE id = 101;
-- @request: SELECT * FROM users WHERE id = 101;
-- @request: SELECT * FROM absmodules WHERE id = 7;
-- @request: SELECT * FROM absmodules WHERE id = 7;
-- @request: SELECT * FROM watchers WHERE user_id = 101 AND objet = 'ic_module' AND objet_id = 112 AND processus = 'paiement' ORDER BY created_at ASC;
-- @request: SELECT * FROM watchers WHERE user_id = 101 AND objet = 'ic_module' AND objet_id = 112 AND processus = 'paiement' ORDER BY created_at ASC;
-- @request: SELECT created_at FROM paiements WHERE id = 326;
-- @request: SELECT created_at FROM paiements WHERE id = 326;
-- @data_correct = {
"users" => 
  {
  "users" => 
    {
    101 => 
      {
      "icmodule_id" => 
        {
        :value => 112
        :solution_id => "user-set-icmodule_id"
        }
      }
    }
  }
"hot" => 
  {
  "watchers" => 
    {
    :insert => [{:user_id=>101, :objet=>"ic_module", :objet_id=>112, :triggered=>1565352742, :created_at=>1564920742, :updated_at=>1564920742, :solution_id=>"add-watcher-paiement"}]
    }
  }
}
-- @request: SELECT * FROM icetapes WHERE id = 728;
-- @request: SELECT * FROM icetapes WHERE id = 728;
-- @request: SELECT * FROM icdocuments WHERE id = 840;
-- @request: SELECT * FROM icdocuments WHERE id = 840;
-- @request: SELECT * FROM watchers WHERE user_id = 101 AND objet = "ic_document" AND objet_id = 840 AND processus = "upload_comments" ORDER BY created_at ASC;
-- @request: SELECT * FROM watchers WHERE user_id = 101 AND objet = "ic_document" AND objet_id = 840 AND processus = "upload_comments" ORDER BY created_at ASC;
-- @data_correct = {
"users" => 
  {
  "users" => 
    {
    101 => 
      {
      "icmodule_id" => 
        {
        :value => 112
        :solution_id => "user-set-icmodule_id"
        }
      }
    }
  }
"hot" => 
  {
  "watchers" => 
    {
    :insert => [{:user_id=>101, :objet=>"ic_module", :objet_id=>112, :triggered=>1565352742, :created_at=>1564920742, :updated_at=>1564920742, :solution_id=>"add-watcher-paiement"}]
    :delete => [{:value=>432, :solution_id=>"keeponly-1watcher-upload_comments-432"}]
    }
  }
}
-- @data_correct = {
"users" => 
  {
  "users" => 
    {
    101 => 
      {
      "icmodule_id" => 
        {
        :value => 112
        :solution_id => "user-set-icmodule_id"
        }
      }
    }
  }
"hot" => 
  {
  "watchers" => 
    {
    :insert => [{:user_id=>101, :objet=>"ic_module", :objet_id=>112, :triggered=>1565352742, :created_at=>1564920742, :updated_at=>1564920742, :solution_id=>"add-watcher-paiement"}]
    :delete => [{:value=>432, :solution_id=>"keeponly-1watcher-upload_comments-432"}, {:value=>434, :solution_id=>"keeponly-1watcher-upload_comments-434"}]
    }
  }
}
-- @data_correct = {
"users" => 
  {
  "users" => 
    {
    101 => 
      {
      "icmodule_id" => 
        {
        :value => 112
        :solution_id => "user-set-icmodule_id"
        }
      }
    }
  }
"hot" => 
  {
  "watchers" => 
    {
    :insert => [{:user_id=>101, :objet=>"ic_module", :objet_id=>112, :triggered=>1565352742, :created_at=>1564920742, :updated_at=>1564920742, :solution_id=>"add-watcher-paiement"}]
    :delete => [{:value=>432, :solution_id=>"keeponly-1watcher-upload_comments-432"}, {:value=>434, :solution_id=>"keeponly-1watcher-upload_comments-434"}, {:value=>436, :solution_id=>"keeponly-1watcher-upload_comments-436"}]
    }
  }
}
-- @request: SELECT * FROM watchers WHERE objet = "ic_document" AND objet_id = 840 AND processus != "upload_comments" ORDER BY created_at ASC;
-- @request: SELECT * FROM watchers WHERE objet = "ic_document" AND objet_id = 840 AND processus != "upload_comments" ORDER BY created_at ASC;
-- @data_correct = {
"users" => 
  {
  "users" => 
    {
    101 => 
      {
      "icmodule_id" => 
        {
        :value => 112
        :solution_id => "user-set-icmodule_id"
        }
      }
    }
  }
"hot" => 
  {
  "watchers" => 
    {
    :insert => [{:user_id=>101, :objet=>"ic_module", :objet_id=>112, :triggered=>1565352742, :created_at=>1564920742, :updated_at=>1564920742, :solution_id=>"add-watcher-paiement"}]
    :delete => [{:value=>432, :solution_id=>"keeponly-1watcher-upload_comments-432"}, {:value=>434, :solution_id=>"keeponly-1watcher-upload_comments-434"}, {:value=>436, :solution_id=>"keeponly-1watcher-upload_comments-436"}, {:value=>12, :solution_id=>"kill-watcher-12-doc-840"}]
    }
  }
}
-- @data_correct = {
"users" => 
  {
  "users" => 
    {
    101 => 
      {
      "icmodule_id" => 
        {
        :value => 112
        :solution_id => "user-set-icmodule_id"
        }
      }
    }
  }
"hot" => 
  {
  "watchers" => 
    {
    :insert => [{:user_id=>101, :objet=>"ic_module", :objet_id=>112, :triggered=>1565352742, :created_at=>1564920742, :updated_at=>1564920742, :solution_id=>"add-watcher-paiement"}]
    :delete => [{:value=>432, :solution_id=>"keeponly-1watcher-upload_comments-432"}, {:value=>434, :solution_id=>"keeponly-1watcher-upload_comments-434"}, {:value=>436, :solution_id=>"keeponly-1watcher-upload_comments-436"}, {:value=>12, :solution_id=>"kill-watcher-12-doc-840"}, {:value=>14, :solution_id=>"kill-watcher-14-doc-840"}]
    }
  }
}
-- @request: SELECT * FROM icdocuments WHERE id = 841;
-- @request: SELECT * FROM icdocuments WHERE id = 841;
-- @request: SELECT * FROM watchers WHERE user_id = 101 AND objet = "ic_document" AND objet_id = 841 AND processus = "upload_comments" ORDER BY created_at ASC;
-- @request: SELECT * FROM watchers WHERE user_id = 101 AND objet = "ic_document" AND objet_id = 841 AND processus = "upload_comments" ORDER BY created_at ASC;
-- @data_correct = {
"users" => 
  {
  "users" => 
    {
    101 => 
      {
      "icmodule_id" => 
        {
        :value => 112
        :solution_id => "user-set-icmodule_id"
        }
      }
    }
  }
"hot" => 
  {
  "watchers" => 
    {
    :insert => [{:user_id=>101, :objet=>"ic_module", :objet_id=>112, :triggered=>1565352742, :created_at=>1564920742, :updated_at=>1564920742, :solution_id=>"add-watcher-paiement"}]
    :delete => [{:value=>432, :solution_id=>"keeponly-1watcher-upload_comments-432"}, {:value=>434, :solution_id=>"keeponly-1watcher-upload_comments-434"}, {:value=>436, :solution_id=>"keeponly-1watcher-upload_comments-436"}, {:value=>12, :solution_id=>"kill-watcher-12-doc-840"}, {:value=>14, :solution_id=>"kill-watcher-14-doc-840"}, {:value=>433, :solution_id=>"keeponly-1watcher-upload_comments-433"}]
    }
  }
}
-- @data_correct = {
"users" => 
  {
  "users" => 
    {
    101 => 
      {
      "icmodule_id" => 
        {
        :value => 112
        :solution_id => "user-set-icmodule_id"
        }
      }
    }
  }
"hot" => 
  {
  "watchers" => 
    {
    :insert => [{:user_id=>101, :objet=>"ic_module", :objet_id=>112, :triggered=>1565352742, :created_at=>1564920742, :updated_at=>1564920742, :solution_id=>"add-watcher-paiement"}]
    :delete => [{:value=>432, :solution_id=>"keeponly-1watcher-upload_comments-432"}, {:value=>434, :solution_id=>"keeponly-1watcher-upload_comments-434"}, {:value=>436, :solution_id=>"keeponly-1watcher-upload_comments-436"}, {:value=>12, :solution_id=>"kill-watcher-12-doc-840"}, {:value=>14, :solution_id=>"kill-watcher-14-doc-840"}, {:value=>433, :solution_id=>"keeponly-1watcher-upload_comments-433"}, {:value=>435, :solution_id=>"keeponly-1watcher-upload_comments-435"}]
    }
  }
}
-- @data_correct = {
"users" => 
  {
  "users" => 
    {
    101 => 
      {
      "icmodule_id" => 
        {
        :value => 112
        :solution_id => "user-set-icmodule_id"
        }
      }
    }
  }
"hot" => 
  {
  "watchers" => 
    {
    :insert => [{:user_id=>101, :objet=>"ic_module", :objet_id=>112, :triggered=>1565352742, :created_at=>1564920742, :updated_at=>1564920742, :solution_id=>"add-watcher-paiement"}]
    :delete => [{:value=>432, :solution_id=>"keeponly-1watcher-upload_comments-432"}, {:value=>434, :solution_id=>"keeponly-1watcher-upload_comments-434"}, {:value=>436, :solution_id=>"keeponly-1watcher-upload_comments-436"}, {:value=>12, :solution_id=>"kill-watcher-12-doc-840"}, {:value=>14, :solution_id=>"kill-watcher-14-doc-840"}, {:value=>433, :solution_id=>"keeponly-1watcher-upload_comments-433"}, {:value=>435, :solution_id=>"keeponly-1watcher-upload_comments-435"}, {:value=>437, :solution_id=>"keeponly-1watcher-upload_comments-437"}]
    }
  }
}
-- @request: SELECT * FROM watchers WHERE objet = "ic_document" AND objet_id = 841 AND processus != "upload_comments" ORDER BY created_at ASC;
-- @request: SELECT * FROM watchers WHERE objet = "ic_document" AND objet_id = 841 AND processus != "upload_comments" ORDER BY created_at ASC;
-- @data_correct = {
"users" => 
  {
  "users" => 
    {
    101 => 
      {
      "icmodule_id" => 
        {
        :value => 112
        :solution_id => "user-set-icmodule_id"
        }
      }
    }
  }
"hot" => 
  {
  "watchers" => 
    {
    :insert => [{:user_id=>101, :objet=>"ic_module", :objet_id=>112, :triggered=>1565352742, :created_at=>1564920742, :updated_at=>1564920742, :solution_id=>"add-watcher-paiement"}]
    :delete => [{:value=>432, :solution_id=>"keeponly-1watcher-upload_comments-432"}, {:value=>434, :solution_id=>"keeponly-1watcher-upload_comments-434"}, {:value=>436, :solution_id=>"keeponly-1watcher-upload_comments-436"}, {:value=>12, :solution_id=>"kill-watcher-12-doc-840"}, {:value=>14, :solution_id=>"kill-watcher-14-doc-840"}, {:value=>433, :solution_id=>"keeponly-1watcher-upload_comments-433"}, {:value=>435, :solution_id=>"keeponly-1watcher-upload_comments-435"}, {:value=>437, :solution_id=>"keeponly-1watcher-upload_comments-437"}, {:value=>12, :solution_id=>"kill-watcher-12-doc-841"}]
    }
  }
}
-- @data_correct = {
"users" => 
  {
  "users" => 
    {
    101 => 
      {
      "icmodule_id" => 
        {
        :value => 112
        :solution_id => "user-set-icmodule_id"
        }
      }
    }
  }
"hot" => 
  {
  "watchers" => 
    {
    :insert => [{:user_id=>101, :objet=>"ic_module", :objet_id=>112, :triggered=>1565352742, :created_at=>1564920742, :updated_at=>1564920742, :solution_id=>"add-watcher-paiement"}]
    :delete => [{:value=>432, :solution_id=>"keeponly-1watcher-upload_comments-432"}, {:value=>434, :solution_id=>"keeponly-1watcher-upload_comments-434"}, {:value=>436, :solution_id=>"keeponly-1watcher-upload_comments-436"}, {:value=>12, :solution_id=>"kill-watcher-12-doc-840"}, {:value=>14, :solution_id=>"kill-watcher-14-doc-840"}, {:value=>433, :solution_id=>"keeponly-1watcher-upload_comments-433"}, {:value=>435, :solution_id=>"keeponly-1watcher-upload_comments-435"}, {:value=>437, :solution_id=>"keeponly-1watcher-upload_comments-437"}, {:value=>12, :solution_id=>"kill-watcher-12-doc-841"}, {:value=>14, :solution_id=>"kill-watcher-14-doc-841"}]
    }
  }
}
-- @request: SELECT * FROM watchers WHERE user_id = 101;
-- @request: SELECT * FROM watchers WHERE user_id = 101;
