\BOOKMARK [0][-]{chapter.1}{Introduction}{}% 1
\BOOKMARK [1][-]{section.1.1}{Aper\347u rapide du programme}{chapter.1}% 2
\BOOKMARK [0][-]{chapter.2}{Votre programme}{}% 3
\BOOKMARK [1][-]{section.2.1}{Introduction}{chapter.2}% 4
\BOOKMARK [1][-]{section.2.2}{Pr\351sentation du programme}{chapter.2}% 5
\BOOKMARK [1][-]{section.2.3}{Premiers pas dans le programme}{chapter.2}% 6
\BOOKMARK [2][-]{subsection.2.3.1}{Inscription au programme}{section.2.3}% 7
\BOOKMARK [2][-]{subsection.2.3.2}{Proc\351dure d'inscription rapide au programme}{section.2.3}% 8
\BOOKMARK [2][-]{subsection.2.3.3}{Proc\351dure d'inscription compl\350te au programme}{section.2.3}% 9
\BOOKMARK [2][-]{subsection.2.3.4}{Apr\350s l'inscription}{section.2.3}% 10
\BOOKMARK [2][-]{subsection.2.3.5}{Poursuivre le premier jour}{section.2.3}% 11
\BOOKMARK [1][-]{section.2.4}{Rythme de travail}{chapter.2}% 12
\BOOKMARK [0][-]{chapter.3}{Les points}{}% 13
\BOOKMARK [0][-]{chapter.4}{Votre programme}{}% 14
\BOOKMARK [1][-]{section.4.1}{Vision d'ensemble}{chapter.4}% 15
\BOOKMARK [1][-]{section.4.2}{Mettre le programme en pause}{chapter.4}% 16
\BOOKMARK [1][-]{section.4.3}{Abandonner le programme}{chapter.4}% 17
\BOOKMARK [0][-]{chapter.5}{Le programme au quotidien}{}% 18
\BOOKMARK [1][-]{section.5.1}{Introduction}{chapter.5}% 19
\BOOKMARK [1][-]{section.5.2}{Prise en compte des travaux}{chapter.5}% 20
\BOOKMARK [1][-]{section.5.3}{La \215pastille de t\342ches\216}{chapter.5}% 21
\BOOKMARK [1][-]{section.5.4}{Mail quotidien}{chapter.5}% 22
\BOOKMARK [2][-]{subsection.5.4.1}{\311tat des lieux de votre programme}{section.5.4}% 23
\BOOKMARK [2][-]{subsection.5.4.2}{Contenu du mail}{section.5.4}% 24
\BOOKMARK [2][-]{subsection.5.4.3}{Modifier les pr\351f\351rences concernant le mail quotidien}{section.5.4}% 25
\BOOKMARK [0][-]{chapter.6}{Le bureau de travail}{}% 26
\BOOKMARK [1][-]{section.6.1}{Introduction}{chapter.6}% 27
\BOOKMARK [0][-]{chapter.7}{Pr\351f\351rences}{}% 28
\BOOKMARK [1][-]{section.7.1}{R\351glage de vos pr\351f\351rences}{chapter.7}% 29
\BOOKMARK [2][-]{subsection.7.1.1}{R\351gler le rythme du programme}{section.7.1}% 30
\BOOKMARK [2][-]{subsection.7.1.2}{Rejoindre son bureau apr\350s connexion}{section.7.1}% 31
\BOOKMARK [2][-]{subsection.7.1.3}{R\351gler l'affichage de la pastille de t\342ches}{section.7.1}% 32
\BOOKMARK [2][-]{subsection.7.1.4}{R\351gler l'envoi du mail quotidien}{section.7.1}% 33
\BOOKMARK [2][-]{subsection.7.1.5}{R\351gler le partage du projet}{section.7.1}% 34
\BOOKMARK [0][-]{chapter.8}{Les Travaux}{}% 35
\BOOKMARK [1][-]{section.8.1}{Introduction aux travaux}{chapter.8}% 36
\BOOKMARK [1][-]{section.8.2}{Les types de travaux}{chapter.8}% 37
\BOOKMARK [2][-]{subsection.8.2.1}{Onglets de travaux}{section.8.2}% 38
\BOOKMARK [2][-]{subsection.8.2.2}{Contenu des cadres de travaux}{section.8.2}% 39
\BOOKMARK [0][-]{chapter.9}{\311l\351ments de langage}{}% 40
\BOOKMARK [1][-]{section.9.1}{Introduction}{chapter.9}% 41
\BOOKMARK [1][-]{section.9.2}{Jour-programme}{chapter.9}% 42
\BOOKMARK [0][-]{chapter.10}{Annexes}{}% 43
\BOOKMARK [1][-]{section.10.1}{Foire aux questions}{chapter.10}% 44
\BOOKMARK [0][-]{chapter.11}{Op\351rations courantes}{}% 45
\BOOKMARK [1][-]{section.11.1}{Rejoindre le site}{chapter.11}% 46
\BOOKMARK [1][-]{section.11.2}{S'identifier au site}{chapter.11}% 47
\BOOKMARK [1][-]{section.11.3}{Rejoindre son bureau de travail}{chapter.11}% 48
